2025-07-03 14:58:29,818 - INFO - Loaded taxonomy data with 17918 records
2025-07-03 14:58:29,820 - INFO - Filtered to 0 records for selected Species
2025-07-03 14:58:29,820 - ERROR - No records found for selected taxonomies
2025-07-03 14:59:09,347 - INFO - Loaded taxonomy data with 17918 records
2025-07-03 14:59:09,349 - INFO - Filtered to 9 records for selected Genus
2025-07-03 14:59:09,404 - INFO - Step 1: Downloading sequences from NCBI
2025-07-03 14:59:09,404 - INFO - Downloading sequences for 9 unique accessions
2025-07-03 14:59:09,404 - INFO - Processing batch 1/1
2025-07-03 15:00:05,919 - INFO - Step 2: Running CD-HIT clustering
2025-07-03 15:00:05,919 - INFO - Running CD-HIT: cd-hit -i /fs/project/PAS1117/ricardo/test_cressent/my_DB/Restivirus_Lophivirus/raw_aa/Restivirus_Lophivirus.fa -o /fs/project/PAS1117/ricardo/test_cressent/my_DB/Restivirus_Lophivirus/cd_hit/Restivirus_Lophivirus.fa -c 0.95 -aS 0.9 -M 16000 -T 8
2025-07-03 15:11:31,011 - INFO - Loaded taxonomy data with 17918 records
2025-07-03 15:11:31,013 - INFO - Filtered to 9 records for selected Genus
2025-07-03 15:11:31,016 - INFO - Step 1: Downloading sequences from NCBI
2025-07-03 15:11:31,016 - INFO - Downloading sequences for 9 unique accessions
2025-07-03 15:11:31,016 - INFO - Processing batch 1/1
2025-07-03 15:12:22,531 - INFO - Step 2: Running CD-HIT clustering
2025-07-03 15:12:22,533 - INFO - Running CD-HIT: cd-hit -i /fs/project/PAS1117/ricardo/test_cressent/my_DB/Restivirus_Lophivirus/raw_aa/Restivirus_Lophivirus.fa -o /fs/project/PAS1117/ricardo/test_cressent/my_DB/Restivirus_Lophivirus/cd_hit/Restivirus_Lophivirus.fa -c 0.95 -aS 0.9 -M 16000 -T 8
2025-07-03 15:28:53,109 - INFO - Loaded taxonomy data with 17918 records
2025-07-03 15:28:53,111 - INFO - Filtered to 9 records for selected Genus
2025-07-03 15:28:53,117 - INFO - Step 1: Downloading sequences from NCBI
2025-07-03 15:28:53,117 - INFO - Downloading sequences for 9 unique accessions
2025-07-03 15:28:53,118 - INFO - Processing batch 1/1
2025-07-03 15:29:43,360 - INFO - Step 2: Running CD-HIT clustering
2025-07-03 15:29:43,364 - INFO - Running CD-HIT: cd-hit -i /fs/project/PAS1117/ricardo/test_cressent/my_DB/Restivirus_Lophivirus/raw_aa/Restivirus_Lophivirus.fa -o /fs/project/PAS1117/ricardo/test_cressent/my_DB/Restivirus_Lophivirus/cd_hit/Restivirus_Lophivirus.fa -c 0.95 -aS 0.9 -M 16000 -T 8
2025-07-03 15:29:43,618 - INFO - CD-HIT completed successfully
2025-07-03 15:29:43,618 - INFO - Step 3: Running Diamond BLASTP
2025-07-03 15:29:43,618 - INFO - Creating Diamond database: diamond makedb --in /fs/project/PAS1117/ricardo/test_cressent/my_DB/Restivirus_Lophivirus/cd_hit/Restivirus_Lophivirus.fa -d /fs/project/PAS1117/ricardo/test_cressent/my_DB/Restivirus_Lophivirus/diamond/Restivirus_Lophivirus --threads 8
2025-07-03 15:29:43,816 - INFO - Running Diamond BLASTP: diamond blastp --db /fs/project/PAS1117/ricardo/test_cressent/my_DB/Restivirus_Lophivirus/diamond/Restivirus_Lophivirus --query /fs/project/PAS1117/ricardo/test_cressent/my_DB/Restivirus_Lophivirus/cd_hit/Restivirus_Lophivirus.fa --out /fs/project/PAS1117/ricardo/test_cressent/my_DB/Restivirus_Lophivirus/diamond/Restivirus_Lophivirus.txt --outfmt 6 --threads 8 --evalue 0.00001 --masking 0 --sensitive
2025-07-03 15:29:44,156 - INFO - Diamond BLASTP completed successfully
2025-07-03 15:29:44,156 - INFO - Step 4: Running MCL clustering
2025-07-03 15:29:44,158 - INFO - Running MCL: mcl /fs/project/PAS1117/ricardo/test_cressent/my_DB/Restivirus_Lophivirus/diamond/Restivirus_Lophivirus_mcl_input --abc -I 1.5 -te 8 -o /fs/project/PAS1117/ricardo/test_cressent/my_DB/Restivirus_Lophivirus/mcl/Restivirus_Lophivirus_mcl_evalue --abc-neg-log10
2025-07-03 15:29:44,178 - INFO - MCL completed successfully
2025-07-03 15:29:44,179 - INFO - Step 5: Processing MCL output
2025-07-03 15:29:44,483 - INFO - Processed MCL output saved to /fs/project/PAS1117/ricardo/test_cressent/my_DB/Restivirus_Lophivirus/mcl/Restivirus_Lophivirus_protein_description.csv
2025-07-03 15:29:44,485 - INFO - Step 6: Annotating proteins
2025-07-03 15:29:44,564 - INFO - Database building completed successfully!
2025-07-03 15:29:44,564 - INFO - Results saved in: /fs/project/PAS1117/ricardo/test_cressent/my_DB/Restivirus_Lophivirus
